<?xml version="1.0" encoding="UTF-8"?>
<testsuite xmlns:xsi="http://www.w3.org/2001/XMLSchema-instance" xsi:noNamespaceSchemaLocation="https://maven.apache.org/surefire/maven-surefire-plugin/xsd/surefire-test-report-3.0.xsd" version="3.0" name="com.iwellness.reviews.integration.ReviewIntegrationTest" time="23.703" tests="3" errors="0" skipped="0" failures="0">
  <properties>
[...]
</properties>
  <testcase name="testCompleteReviewFlow" classname="com.iwellness.reviews.integration.ReviewIntegrationTest" time="3.394">
    <system-out><![CDATA[16:57:23.255 [main] INFO org.springframework.test.context.support.AnnotationConfigContextLoaderUtils -- Could not detect default configuration classes for test class [com.iwellness.reviews.integration.ReviewIntegrationTest]: ReviewIntegrationTest does not declare any static, non-private, non-final, nested classes annotated with @Configuration.
16:57:23.459 [main] INFO org.springframework.boot.test.context.SpringBootTestContextBootstrapper -- Found @SpringBootConfiguration com.iwellness.reviews.ReviewsApiApplication for test class com.iwellness.reviews.integration.ReviewIntegrationTest
16:57:23.734 [main] INFO org.testcontainers.images.PullPolicy -- Image pull policy will be performed by: DefaultPullPolicy()
16:57:23.740 [main] INFO org.testcontainers.utility.ImageNameSubstitutor -- Image name substitution will be performed by: DefaultImageNameSubstitutor (composite of 'ConfigurationFileImageNameSubstitutor' and 'PrefixingImageNameSubstitutor')
16:57:24.180 [main] INFO org.testcontainers.dockerclient.DockerClientProviderStrategy -- Loaded org.testcontainers.dockerclient.UnixSocketClientProviderStrategy from ~/.testcontainers.properties, will try it first
16:57:24.820 [main] INFO org.testcontainers.dockerclient.DockerClientProviderStrategy -- Found Docker environment with local Unix socket (unix:///var/run/docker.sock)
16:57:24.823 [main] INFO org.testcontainers.DockerClientFactory -- Docker host IP address is localhost
16:57:24.845 [main] INFO org.testcontainers.DockerClientFactory -- Connected to docker: 
  Server Version: 28.5.2
  API Version: 1.51
  Operating System: Ubuntu 22.04.5 LTS
  Total Memory: 5785 MB
16:57:24.897 [main] INFO tc.testcontainers/ryuk:0.5.1 -- Creating container for image: testcontainers/ryuk:0.5.1
16:57:24.907 [main] INFO org.testcontainers.utility.RegistryAuthLocator -- Failure when attempting to lookup auth config. Please ignore if you don't have images in an authenticated registry. Details: (dockerImageName: testcontainers/ryuk:0.5.1, configFile: /home/santiagovera/.docker/config.json, configEnv: DOCKER_AUTH_CONFIG). Falling back to docker-java default behaviour. Exception message: Status 404: No config supplied. Checked in order: /home/santiagovera/.docker/config.json (file not found), DOCKER_AUTH_CONFIG (not set)
16:57:25.077 [main] INFO tc.testcontainers/ryuk:0.5.1 -- Container testcontainers/ryuk:0.5.1 is starting: b056e887016c4b34fa785e4089aa21967a0a4442a04e05eee1d0eb1f8176d48a
16:57:25.451 [main] INFO tc.testcontainers/ryuk:0.5.1 -- Container testcontainers/ryuk:0.5.1 started in PT0.554601023S
16:57:25.459 [main] INFO org.testcontainers.utility.RyukResourceReaper -- Ryuk started - will monitor and terminate Testcontainers containers on JVM exit
16:57:25.459 [main] INFO org.testcontainers.DockerClientFactory -- Checking the system...
16:57:25.460 [main] INFO org.testcontainers.DockerClientFactory -- ✔︎ Docker server version should be at least 1.6.0
16:57:25.461 [main] INFO tc.postgres:15-alpine -- Creating container for image: postgres:15-alpine
16:57:25.487 [main] INFO tc.postgres:15-alpine -- Container postgres:15-alpine is starting: 5d217a29ef725ec5bcfb9986e0dc2847559079ed66b07aa97a956fa77198edad
16:57:26.998 [main] INFO tc.postgres:15-alpine -- Container postgres:15-alpine started in PT1.537443633S
16:57:27.000 [main] INFO tc.postgres:15-alpine -- Container is started (JDBC URL: jdbc:postgresql://localhost:32820/test_reviews?loggerLevel=OFF)
16:57:27.148 [main] INFO org.flywaydb.core.internal.license.VersionPrinter -- Flyway Community Edition 9.22.3 by Redgate
16:57:27.148 [main] INFO org.flywaydb.core.internal.license.VersionPrinter -- See release notes here: https://rd.gt/416ObMi
16:57:27.148 [main] INFO org.flywaydb.core.internal.license.VersionPrinter -- 
16:57:27.489 [main] INFO org.flywaydb.core.FlywayExecutor -- Database: jdbc:postgresql://localhost:32820/test_reviews (PostgreSQL 15.15)
16:57:27.524 [main] INFO org.flywaydb.core.internal.schemahistory.JdbcTableSchemaHistory -- Schema history table "public"."flyway_schema_history" does not exist yet
16:57:27.527 [main] INFO org.flywaydb.core.internal.command.clean.CleanExecutor -- Successfully dropped pre-schema database level objects (execution time 00:00.001s)
16:57:27.562 [main] INFO org.flywaydb.core.internal.command.clean.CleanExecutor -- Successfully cleaned schema "public" (execution time 00:00.033s)
16:57:27.581 [main] INFO org.flywaydb.core.internal.command.clean.CleanExecutor -- Successfully cleaned schema "public" (execution time 00:00.018s)
16:57:27.582 [main] INFO org.flywaydb.core.internal.command.clean.CleanExecutor -- Successfully dropped post-schema database level objects (execution time 00:00.000s)
16:57:27.702 [main] INFO org.flywaydb.core.internal.schemahistory.JdbcTableSchemaHistory -- Schema history table "public"."flyway_schema_history" does not exist yet
16:57:27.708 [main] INFO org.flywaydb.core.internal.command.DbValidate -- Successfully validated 2 migrations (execution time 00:00.031s)
16:57:27.726 [main] INFO org.flywaydb.core.internal.schemahistory.JdbcTableSchemaHistory -- Creating Schema History table "public"."flyway_schema_history" ...
16:57:27.795 [main] INFO org.flywaydb.core.internal.command.DbMigrate -- Current version of schema "public": << Empty Schema >>
16:57:27.806 [main] INFO org.flywaydb.core.internal.command.DbMigrate -- Migrating schema "public" to version "1 - create reviews table"
16:57:27.845 [main] INFO org.flywaydb.core.internal.command.DbMigrate -- Migrating schema "public" to version "2 - add provider reviews support"
16:57:27.875 [main] INFO org.flywaydb.core.internal.command.DbMigrate -- Successfully applied 2 migrations to schema "public", now at version v2 (execution time 00:00.032s)

  .   ____          _            __ _ _
 /\\ / ___'_ __ _ _(_)_ __  __ _ \ \ \ \
( ( )\___ | '_ | '_| | '_ \/ _` | \ \ \ \
 \\/  ___)| |_)| | | | | || (_| |  ) ) ) )
  '  |____| .__|_| |_|_| |_\__, | / / / /
 =========|_|==============|___/=/_/_/_/
 :: Spring Boot ::                (v3.2.0)

2025-11-18 16:57:28 - Starting ReviewIntegrationTest using Java 20.0.1 with PID 393747 (started by santiagovera in /home/santiagovera/e-xiua/reviews-api-microservice/reviews)
2025-11-18 16:57:28 - Running with Spring Boot v3.2.0, Spring v6.1.1
2025-11-18 16:57:28 - The following 1 profile is active: "test"
2025-11-18 16:57:30 - Bootstrapping Spring Data JPA repositories in DEFAULT mode.
2025-11-18 16:57:30 - Finished Spring Data repository scanning in 63 ms. Found 1 JPA repository interface.
2025-11-18 16:57:30 - BeanFactory id=4636e8a3-4e6c-318a-abc0-531e1f659ca1
2025-11-18 16:57:34 - Tomcat initialized with port 0 (http)
2025-11-18 16:57:34 - Starting service [Tomcat]
2025-11-18 16:57:34 - Starting Servlet engine: [Apache Tomcat/10.1.16]
2025-11-18 16:57:35 - Initializing Spring embedded WebApplicationContext
2025-11-18 16:57:35 - Root WebApplicationContext: initialization completed in 6140 ms
2025-11-18 16:57:35 - HikariPool-1 - Starting...
2025-11-18 16:57:35 - HikariPool-1 - Added connection org.postgresql.jdbc.PgConnection@2a73cd00
2025-11-18 16:57:35 - HikariPool-1 - Start completed.
2025-11-18 16:57:35 - H2 console available at '/h2-console'. Database available at 'jdbc:postgresql://localhost:32820/test_reviews?loggerLevel=OFF'
2025-11-18 16:57:35 - Filter 'webMvcObservationFilter' configured for use
2025-11-18 16:57:36 - Database: jdbc:postgresql://localhost:32820/test_reviews (PostgreSQL 15.15)
2025-11-18 16:57:36 - Successfully validated 2 migrations (execution time 00:00.011s)
2025-11-18 16:57:36 - Current version of schema "public": 2
2025-11-18 16:57:36 - Schema "public" is up to date. No migration necessary.
2025-11-18 16:57:36 - HHH000204: Processing PersistenceUnitInfo [name: default]
2025-11-18 16:57:36 - HHH000412: Hibernate ORM core version 6.3.1.Final
2025-11-18 16:57:36 - HHH000026: Second-level cache disabled
2025-11-18 16:57:36 - No LoadTimeWeaver setup: ignoring JPA class transformer
2025-11-18 16:57:37 - HHH90000025: PostgreSQLDialect does not need to be specified explicitly using 'hibernate.dialect' (remove the property setting and it will be selected by default)
2025-11-18 16:57:38 - HHH000489: No JTA platform available (set 'hibernate.transaction.jta.platform' to enable JTA platform integration)
2025-11-18 16:57:38 - Initialized JPA EntityManagerFactory for persistence unit 'default'
2025-11-18 16:57:39 - Hibernate is in classpath; If applicable, HQL parser will be used.
2025-11-18 16:57:40 - spring.jpa.open-in-view is enabled by default. Therefore, database queries may be performed during view rendering. Explicitly configure spring.jpa.open-in-view to disable this warning
2025-11-18 16:57:40 - 9 mappings in 'requestMappingHandlerMapping'
2025-11-18 16:57:40 - Patterns [/webjars/**, /**] in 'resourceHandlerMapping'
2025-11-18 16:57:40 - ControllerAdvice beans: 0 @ModelAttribute, 0 @InitBinder, 1 RequestBodyAdvice, 1 ResponseBodyAdvice
2025-11-18 16:57:41 - ControllerAdvice beans: 1 @ExceptionHandler, 1 ResponseBodyAdvice
2025-11-18 16:57:42 - Exposing 3 endpoint(s) beneath base path '/actuator'
2025-11-18 16:57:42 - Tomcat started on port 42569 (http) with context path ''
2025-11-18 16:57:42 - Started ReviewIntegrationTest in 14.75 seconds (process running for 20.952)
2025-11-18 16:57:42 - Spring test ApplicationContext cache statistics: [DefaultContextCache@47db3ff size = 1, maxSize = 32, parentContextCount = 0, hitCount = 0, missCount = 1, failureCount = 0]
2025-11-18 16:57:42 - Spring test ApplicationContext cache statistics: [DefaultContextCache@47db3ff size = 1, maxSize = 32, parentContextCount = 0, hitCount = 1, missCount = 1, failureCount = 0]
2025-11-18 16:57:42 - Spring test ApplicationContext cache statistics: [DefaultContextCache@47db3ff size = 1, maxSize = 32, parentContextCount = 0, hitCount = 2, missCount = 1, failureCount = 0]
2025-11-18 16:57:42 - Spring test ApplicationContext cache statistics: [DefaultContextCache@47db3ff size = 1, maxSize = 32, parentContextCount = 0, hitCount = 3, missCount = 1, failureCount = 0]
2025-11-18 16:57:42 - Before test method: class [ReviewIntegrationTest], method [testCompleteReviewFlow], class annotated with @DirtiesContext [false] with mode [null], method annotated with @DirtiesContext [false] with mode [null]
2025-11-18 16:57:42 - Spring test ApplicationContext cache statistics: [DefaultContextCache@47db3ff size = 1, maxSize = 32, parentContextCount = 0, hitCount = 4, missCount = 1, failureCount = 0]
2025-11-18 16:57:42 - Spring test ApplicationContext cache statistics: [DefaultContextCache@47db3ff size = 1, maxSize = 32, parentContextCount = 0, hitCount = 5, missCount = 1, failureCount = 0]
2025-11-18 16:57:43 - Spring test ApplicationContext cache statistics: [DefaultContextCache@47db3ff size = 1, maxSize = 32, parentContextCount = 0, hitCount = 6, missCount = 1, failureCount = 0]
2025-11-18 16:57:44 - Initializing Spring DispatcherServlet 'dispatcherServlet'
2025-11-18 16:57:44 - Initializing Servlet 'dispatcherServlet'
2025-11-18 16:57:44 - Detected StandardServletMultipartResolver
2025-11-18 16:57:44 - Detected AcceptHeaderLocaleResolver
2025-11-18 16:57:44 - Detected FixedThemeResolver
2025-11-18 16:57:44 - Detected org.springframework.web.servlet.view.DefaultRequestToViewNameTranslator@38055398
2025-11-18 16:57:44 - Detected org.springframework.web.servlet.support.SessionFlashMapManager@6fc1c545
2025-11-18 16:57:44 - enableLoggingRequestDetails='false': request parameters and headers will be masked to prevent unsafe logging of potentially sensitive data
2025-11-18 16:57:44 - Completed initialization in 3 ms
2025-11-18 16:57:44 - POST "/api/reviews", parameters={}
2025-11-18 16:57:44 - Mapped to com.iwellness.reviews.controller.ReviewController#createReview(ReviewRequestDTO, Long)
2025-11-18 16:57:44 - Read "application/json;charset=UTF-8" to [ReviewRequestDTO(entityId=1, entityType=SERVICE, rating=5, comment=Excellent service from integratio (truncated)...]
2025-11-18 16:57:44 - POST /api/reviews - User: 100, Entity: SERVICE (1)
2025-11-18 16:57:44 - Creating review for SERVICE 1 by user 100
Hibernate: 
    select
        r1_0.id 
    from
        reviews r1_0 
    where
        r1_0.entity_type=? 
        and r1_0.entity_id=? 
        and r1_0.user_id=? 
    fetch
        first ? rows only
Hibernate: 
    insert 
    into
        reviews
        (comment, created_at, entity_id, entity_type, rating, service_id, updated_at, user_id) 
    values
        (?, ?, ?, ?, ?, ?, ?, ?)
2025-11-18 16:57:44 - Review created with ID: 1
2025-11-18 16:57:44 - Evento publicado: ReviewCreated - Review ID: 1
2025-11-18 16:57:44 - Using 'application/json', given [*/*] and supported [application/json, application/*+json]
2025-11-18 16:57:44 - Writing [ReviewResponseDTO(id=1, entityId=1, entityType=SERVICE, userId=100, nombre=Test User, foto=https://e (truncated)...]
2025-11-18 16:57:44 - Completed 201 CREATED
2025-11-18 16:57:45 - GET "/api/reviews/entity/SERVICE/1?page=0&size=10", parameters={masked}
2025-11-18 16:57:45 - Mapped to com.iwellness.reviews.controller.ReviewController#getReviewsByEntity(String, Long, int, int, String)
2025-11-18 16:57:45 - GET /api/reviews/entity/SERVICE/1 - Page: 0, Size: 10
Hibernate: 
    select
        r1_0.id,
        r1_0.comment,
        r1_0.created_at,
        r1_0.entity_id,
        r1_0.entity_type,
        r1_0.rating,
        r1_0.service_id,
        r1_0.updated_at,
        r1_0.user_id 
    from
        reviews r1_0 
    where
        r1_0.entity_type=? 
        and r1_0.entity_id=? 
    order by
        r1_0.created_at desc 
    offset
        ? rows 
    fetch
        first ? rows only
2025-11-18 16:57:45 - Using 'application/json', given [*/*] and supported [application/json, application/*+json]
2025-11-18 16:57:45 - Writing [Page 1 of 1 containing com.iwellness.reviews.dto.ReviewResponseDTO instances]
2025-11-18 16:57:45 - Completed 200 OK
2025-11-18 16:57:45 - GET "/api/reviews/entity/SERVICE/1/rating", parameters={}
2025-11-18 16:57:45 - Mapped to com.iwellness.reviews.controller.ReviewController#getEntityRating(String, Long)
2025-11-18 16:57:45 - GET /api/reviews/entity/SERVICE/1/rating
Hibernate: 
    select
        avg(r1_0.rating) 
    from
        reviews r1_0 
    where
        r1_0.entity_type=? 
        and r1_0.entity_id=?
Hibernate: 
    select
        count(r1_0.id) 
    from
        reviews r1_0 
    where
        r1_0.entity_type=? 
        and r1_0.entity_id=?
Hibernate: 
    select
        count(r1_0.id) 
    from
        reviews r1_0 
    where
        r1_0.entity_type=? 
        and r1_0.entity_id=? 
        and r1_0.rating=?
Hibernate: 
    select
        count(r1_0.id) 
    from
        reviews r1_0 
    where
        r1_0.entity_type=? 
        and r1_0.entity_id=? 
        and r1_0.rating=?
Hibernate: 
    select
        count(r1_0.id) 
    from
        reviews r1_0 
    where
        r1_0.entity_type=? 
        and r1_0.entity_id=? 
        and r1_0.rating=?
Hibernate: 
    select
        count(r1_0.id) 
    from
        reviews r1_0 
    where
        r1_0.entity_type=? 
        and r1_0.entity_id=? 
        and r1_0.rating=?
Hibernate: 
    select
        count(r1_0.id) 
    from
        reviews r1_0 
    where
        r1_0.entity_type=? 
        and r1_0.entity_id=? 
        and r1_0.rating=?
2025-11-18 16:57:46 - Using 'application/json', given [*/*] and supported [application/json, application/*+json]
2025-11-18 16:57:46 - Writing [RatingDTO(entityId=1, entityType=SERVICE, averageRating=5.0, totalReviews=1, distribution=RatingDTO. (truncated)...]
2025-11-18 16:57:46 - Completed 200 OK
2025-11-18 16:57:46 - PUT "/api/reviews/1", parameters={}
2025-11-18 16:57:46 - Mapped to com.iwellness.reviews.controller.ReviewController#updateReview(Long, ReviewRequestDTO, Long)
2025-11-18 16:57:46 - Read "application/json;charset=UTF-8" to [ReviewRequestDTO(entityId=1, entityType=SERVICE, rating=4, comment=Updated comment)]
2025-11-18 16:57:46 - PUT /api/reviews/1 - User: 100
2025-11-18 16:57:46 - Updating review 1 by user 100
Hibernate: 
    select
        r1_0.id,
        r1_0.comment,
        r1_0.created_at,
        r1_0.entity_id,
        r1_0.entity_type,
        r1_0.rating,
        r1_0.service_id,
        r1_0.updated_at,
        r1_0.user_id 
    from
        reviews r1_0 
    where
        r1_0.id=?
2025-11-18 16:57:46 - Review updated: 1
2025-11-18 16:57:46 - Evento publicado: ReviewUpdated - Review ID: 1
Hibernate: 
    update
        reviews 
    set
        comment=?,
        entity_id=?,
        entity_type=?,
        rating=?,
        service_id=?,
        updated_at=?,
        user_id=? 
    where
        id=?
2025-11-18 16:57:46 - Using 'application/json', given [*/*] and supported [application/json, application/*+json]
2025-11-18 16:57:46 - Writing [ReviewResponseDTO(id=1, entityId=1, entityType=SERVICE, userId=100, nombre=Test User, foto=https://e (truncated)...]
2025-11-18 16:57:46 - Completed 200 OK
2025-11-18 16:57:46 - DELETE "/api/reviews/1", parameters={}
2025-11-18 16:57:46 - Mapped to com.iwellness.reviews.controller.ReviewController#deleteReview(Long, Long)
2025-11-18 16:57:46 - DELETE /api/reviews/1 - User: 100
2025-11-18 16:57:46 - Deleting review 1 by user 100
Hibernate: 
    select
        r1_0.id,
        r1_0.comment,
        r1_0.created_at,
        r1_0.entity_id,
        r1_0.entity_type,
        r1_0.rating,
        r1_0.service_id,
        r1_0.updated_at,
        r1_0.user_id 
    from
        reviews r1_0 
    where
        r1_0.id=?
2025-11-18 16:57:46 - Review deleted: 1
Hibernate: 
    delete 
    from
        reviews 
    where
        id=?
2025-11-18 16:57:46 - Using 'application/json', given [*/*] and supported [application/json, application/*+json]
2025-11-18 16:57:46 - Nothing to write: null body
2025-11-18 16:57:46 - Completed 204 NO_CONTENT
2025-11-18 16:57:46 - GET "/api/reviews/1", parameters={}
2025-11-18 16:57:46 - Mapped to com.iwellness.reviews.controller.ReviewController#getReviewById(Long)
2025-11-18 16:57:46 - GET /api/reviews/1
Hibernate: 
    select
        r1_0.id,
        r1_0.comment,
        r1_0.created_at,
        r1_0.entity_id,
        r1_0.entity_type,
        r1_0.rating,
        r1_0.service_id,
        r1_0.updated_at,
        r1_0.user_id 
    from
        reviews r1_0 
    where
        r1_0.id=?
2025-11-18 16:57:46 - Using @ExceptionHandler com.iwellness.reviews.exception.GlobalExceptionHandler#handleReviewNotFound(ReviewNotFoundException)
2025-11-18 16:57:46 - Review not found: Review not found with ID: 1
2025-11-18 16:57:46 - Using 'application/json', given [*/*] and supported [application/json, application/*+json]
2025-11-18 16:57:46 - Writing [ErrorResponse(status=404, error=Not Found, message=Review not found with ID: 1, timestamp=2025-11-18 (truncated)...]
2025-11-18 16:57:46 - Resolved [com.iwellness.reviews.exception.ReviewNotFoundException: Review not found with ID: 1]
2025-11-18 16:57:46 - Completed 404 NOT_FOUND
2025-11-18 16:57:46 - Spring test ApplicationContext cache statistics: [DefaultContextCache@47db3ff size = 1, maxSize = 32, parentContextCount = 0, hitCount = 7, missCount = 1, failureCount = 0]
2025-11-18 16:57:46 - Spring test ApplicationContext cache statistics: [DefaultContextCache@47db3ff size = 1, maxSize = 32, parentContextCount = 0, hitCount = 8, missCount = 1, failureCount = 0]
2025-11-18 16:57:46 - Spring test ApplicationContext cache statistics: [DefaultContextCache@47db3ff size = 1, maxSize = 32, parentContextCount = 0, hitCount = 9, missCount = 1, failureCount = 0]
2025-11-18 16:57:46 - Spring test ApplicationContext cache statistics: [DefaultContextCache@47db3ff size = 1, maxSize = 32, parentContextCount = 0, hitCount = 10, missCount = 1, failureCount = 0]
2025-11-18 16:57:46 - Spring test ApplicationContext cache statistics: [DefaultContextCache@47db3ff size = 1, maxSize = 32, parentContextCount = 0, hitCount = 11, missCount = 1, failureCount = 0]
2025-11-18 16:57:46 - Spring test ApplicationContext cache statistics: [DefaultContextCache@47db3ff size = 1, maxSize = 32, parentContextCount = 0, hitCount = 12, missCount = 1, failureCount = 0]
2025-11-18 16:57:46 - Spring test ApplicationContext cache statistics: [DefaultContextCache@47db3ff size = 1, maxSize = 32, parentContextCount = 0, hitCount = 13, missCount = 1, failureCount = 0]
2025-11-18 16:57:46 - Spring test ApplicationContext cache statistics: [DefaultContextCache@47db3ff size = 1, maxSize = 32, parentContextCount = 0, hitCount = 14, missCount = 1, failureCount = 0]
2025-11-18 16:57:46 - After test method: class [ReviewIntegrationTest], method [testCompleteReviewFlow], class annotated with @DirtiesContext [false] with mode [null], method annotated with @DirtiesContext [false] with mode [null]
]]></system-out>
  </testcase>
  <testcase name="testUnauthorizedUpdate" classname="com.iwellness.reviews.integration.ReviewIntegrationTest" time="0.073">
    <system-out><![CDATA[2025-11-18 16:57:46 - Performing dependency injection for test class com.iwellness.reviews.integration.ReviewIntegrationTest
2025-11-18 16:57:46 - Spring test ApplicationContext cache statistics: [DefaultContextCache@47db3ff size = 1, maxSize = 32, parentContextCount = 0, hitCount = 15, missCount = 1, failureCount = 0]
2025-11-18 16:57:46 - Spring test ApplicationContext cache statistics: [DefaultContextCache@47db3ff size = 1, maxSize = 32, parentContextCount = 0, hitCount = 16, missCount = 1, failureCount = 0]
2025-11-18 16:57:46 - Spring test ApplicationContext cache statistics: [DefaultContextCache@47db3ff size = 1, maxSize = 32, parentContextCount = 0, hitCount = 17, missCount = 1, failureCount = 0]
2025-11-18 16:57:46 - Spring test ApplicationContext cache statistics: [DefaultContextCache@47db3ff size = 1, maxSize = 32, parentContextCount = 0, hitCount = 18, missCount = 1, failureCount = 0]
2025-11-18 16:57:46 - Before test method: class [ReviewIntegrationTest], method [testUnauthorizedUpdate], class annotated with @DirtiesContext [false] with mode [null], method annotated with @DirtiesContext [false] with mode [null]
2025-11-18 16:57:46 - Spring test ApplicationContext cache statistics: [DefaultContextCache@47db3ff size = 1, maxSize = 32, parentContextCount = 0, hitCount = 19, missCount = 1, failureCount = 0]
2025-11-18 16:57:46 - Spring test ApplicationContext cache statistics: [DefaultContextCache@47db3ff size = 1, maxSize = 32, parentContextCount = 0, hitCount = 20, missCount = 1, failureCount = 0]
2025-11-18 16:57:46 - Spring test ApplicationContext cache statistics: [DefaultContextCache@47db3ff size = 1, maxSize = 32, parentContextCount = 0, hitCount = 21, missCount = 1, failureCount = 0]
2025-11-18 16:57:46 - POST "/api/reviews", parameters={}
2025-11-18 16:57:46 - Mapped to com.iwellness.reviews.controller.ReviewController#createReview(ReviewRequestDTO, Long)
2025-11-18 16:57:46 - Read "application/json;charset=UTF-8" to [ReviewRequestDTO(entityId=3, entityType=SERVICE, rating=5, comment=My review)]
2025-11-18 16:57:46 - POST /api/reviews - User: 102, Entity: SERVICE (3)
2025-11-18 16:57:46 - Creating review for SERVICE 3 by user 102
Hibernate: 
    select
        r1_0.id 
    from
        reviews r1_0 
    where
        r1_0.entity_type=? 
        and r1_0.entity_id=? 
        and r1_0.user_id=? 
    fetch
        first ? rows only
Hibernate: 
    insert 
    into
        reviews
        (comment, created_at, entity_id, entity_type, rating, service_id, updated_at, user_id) 
    values
        (?, ?, ?, ?, ?, ?, ?, ?)
2025-11-18 16:57:46 - Review created with ID: 2
2025-11-18 16:57:46 - Evento publicado: ReviewCreated - Review ID: 2
2025-11-18 16:57:46 - Using 'application/json', given [*/*] and supported [application/json, application/*+json]
2025-11-18 16:57:46 - Writing [ReviewResponseDTO(id=2, entityId=3, entityType=SERVICE, userId=102, nombre=Test User102, foto=https: (truncated)...]
2025-11-18 16:57:46 - Completed 201 CREATED
2025-11-18 16:57:46 - PUT "/api/reviews/2", parameters={}
2025-11-18 16:57:46 - Mapped to com.iwellness.reviews.controller.ReviewController#updateReview(Long, ReviewRequestDTO, Long)
2025-11-18 16:57:46 - Read "application/json;charset=UTF-8" to [ReviewRequestDTO(entityId=3, entityType=SERVICE, rating=1, comment=Hacked!)]
2025-11-18 16:57:46 - PUT /api/reviews/2 - User: 103
2025-11-18 16:57:46 - Updating review 2 by user 103
Hibernate: 
    select
        r1_0.id,
        r1_0.comment,
        r1_0.created_at,
        r1_0.entity_id,
        r1_0.entity_type,
        r1_0.rating,
        r1_0.service_id,
        r1_0.updated_at,
        r1_0.user_id 
    from
        reviews r1_0 
    where
        r1_0.id=?
2025-11-18 16:57:46 - Using @ExceptionHandler com.iwellness.reviews.exception.GlobalExceptionHandler#handleUnauthorizedAccess(UnauthorizedReviewAccessException)
2025-11-18 16:57:46 - Unauthorized access: No permission to modify this review
2025-11-18 16:57:46 - Using 'application/json', given [*/*] and supported [application/json, application/*+json]
2025-11-18 16:57:46 - Writing [ErrorResponse(status=403, error=Forbidden, message=No permission to modify this review, timestamp=20 (truncated)...]
2025-11-18 16:57:46 - Resolved [com.iwellness.reviews.exception.UnauthorizedReviewAccessException: No permission to modify this review]
2025-11-18 16:57:46 - Completed 403 FORBIDDEN
2025-11-18 16:57:46 - Spring test ApplicationContext cache statistics: [DefaultContextCache@47db3ff size = 1, maxSize = 32, parentContextCount = 0, hitCount = 22, missCount = 1, failureCount = 0]
2025-11-18 16:57:46 - Spring test ApplicationContext cache statistics: [DefaultContextCache@47db3ff size = 1, maxSize = 32, parentContextCount = 0, hitCount = 23, missCount = 1, failureCount = 0]
2025-11-18 16:57:46 - Spring test ApplicationContext cache statistics: [DefaultContextCache@47db3ff size = 1, maxSize = 32, parentContextCount = 0, hitCount = 24, missCount = 1, failureCount = 0]
2025-11-18 16:57:46 - Spring test ApplicationContext cache statistics: [DefaultContextCache@47db3ff size = 1, maxSize = 32, parentContextCount = 0, hitCount = 25, missCount = 1, failureCount = 0]
2025-11-18 16:57:46 - Spring test ApplicationContext cache statistics: [DefaultContextCache@47db3ff size = 1, maxSize = 32, parentContextCount = 0, hitCount = 26, missCount = 1, failureCount = 0]
2025-11-18 16:57:46 - Spring test ApplicationContext cache statistics: [DefaultContextCache@47db3ff size = 1, maxSize = 32, parentContextCount = 0, hitCount = 27, missCount = 1, failureCount = 0]
2025-11-18 16:57:46 - Spring test ApplicationContext cache statistics: [DefaultContextCache@47db3ff size = 1, maxSize = 32, parentContextCount = 0, hitCount = 28, missCount = 1, failureCount = 0]
2025-11-18 16:57:46 - Spring test ApplicationContext cache statistics: [DefaultContextCache@47db3ff size = 1, maxSize = 32, parentContextCount = 0, hitCount = 29, missCount = 1, failureCount = 0]
2025-11-18 16:57:46 - After test method: class [ReviewIntegrationTest], method [testUnauthorizedUpdate], class annotated with @DirtiesContext [false] with mode [null], method annotated with @DirtiesContext [false] with mode [null]
]]></system-out>
  </testcase>
  <testcase name="testDuplicateReviewPrevention" classname="com.iwellness.reviews.integration.ReviewIntegrationTest" time="0.07">
    <system-out><![CDATA[2025-11-18 16:57:46 - Performing dependency injection for test class com.iwellness.reviews.integration.ReviewIntegrationTest
2025-11-18 16:57:46 - Spring test ApplicationContext cache statistics: [DefaultContextCache@47db3ff size = 1, maxSize = 32, parentContextCount = 0, hitCount = 30, missCount = 1, failureCount = 0]
2025-11-18 16:57:46 - Spring test ApplicationContext cache statistics: [DefaultContextCache@47db3ff size = 1, maxSize = 32, parentContextCount = 0, hitCount = 31, missCount = 1, failureCount = 0]
2025-11-18 16:57:46 - Spring test ApplicationContext cache statistics: [DefaultContextCache@47db3ff size = 1, maxSize = 32, parentContextCount = 0, hitCount = 32, missCount = 1, failureCount = 0]
2025-11-18 16:57:46 - Spring test ApplicationContext cache statistics: [DefaultContextCache@47db3ff size = 1, maxSize = 32, parentContextCount = 0, hitCount = 33, missCount = 1, failureCount = 0]
2025-11-18 16:57:46 - Before test method: class [ReviewIntegrationTest], method [testDuplicateReviewPrevention], class annotated with @DirtiesContext [false] with mode [null], method annotated with @DirtiesContext [false] with mode [null]
2025-11-18 16:57:46 - Spring test ApplicationContext cache statistics: [DefaultContextCache@47db3ff size = 1, maxSize = 32, parentContextCount = 0, hitCount = 34, missCount = 1, failureCount = 0]
2025-11-18 16:57:46 - Spring test ApplicationContext cache statistics: [DefaultContextCache@47db3ff size = 1, maxSize = 32, parentContextCount = 0, hitCount = 35, missCount = 1, failureCount = 0]
2025-11-18 16:57:46 - Spring test ApplicationContext cache statistics: [DefaultContextCache@47db3ff size = 1, maxSize = 32, parentContextCount = 0, hitCount = 36, missCount = 1, failureCount = 0]
2025-11-18 16:57:46 - POST "/api/reviews", parameters={}
2025-11-18 16:57:46 - Mapped to com.iwellness.reviews.controller.ReviewController#createReview(ReviewRequestDTO, Long)
2025-11-18 16:57:46 - Read "application/json;charset=UTF-8" to [ReviewRequestDTO(entityId=2, entityType=SERVICE, rating=5, comment=First review)]
2025-11-18 16:57:46 - POST /api/reviews - User: 101, Entity: SERVICE (2)
2025-11-18 16:57:46 - Creating review for SERVICE 2 by user 101
Hibernate: 
    select
        r1_0.id 
    from
        reviews r1_0 
    where
        r1_0.entity_type=? 
        and r1_0.entity_id=? 
        and r1_0.user_id=? 
    fetch
        first ? rows only
Hibernate: 
    insert 
    into
        reviews
        (comment, created_at, entity_id, entity_type, rating, service_id, updated_at, user_id) 
    values
        (?, ?, ?, ?, ?, ?, ?, ?)
2025-11-18 16:57:46 - Review created with ID: 3
2025-11-18 16:57:46 - Evento publicado: ReviewCreated - Review ID: 3
2025-11-18 16:57:46 - Using 'application/json', given [*/*] and supported [application/json, application/*+json]
2025-11-18 16:57:46 - Writing [ReviewResponseDTO(id=3, entityId=2, entityType=SERVICE, userId=101, nombre=Test User101, foto=https: (truncated)...]
2025-11-18 16:57:46 - Completed 201 CREATED
2025-11-18 16:57:46 - POST "/api/reviews", parameters={}
2025-11-18 16:57:46 - Mapped to com.iwellness.reviews.controller.ReviewController#createReview(ReviewRequestDTO, Long)
2025-11-18 16:57:46 - Read "application/json;charset=UTF-8" to [ReviewRequestDTO(entityId=2, entityType=SERVICE, rating=5, comment=First review)]
2025-11-18 16:57:46 - POST /api/reviews - User: 101, Entity: SERVICE (2)
2025-11-18 16:57:46 - Creating review for SERVICE 2 by user 101
Hibernate: 
    select
        r1_0.id 
    from
        reviews r1_0 
    where
        r1_0.entity_type=? 
        and r1_0.entity_id=? 
        and r1_0.user_id=? 
    fetch
        first ? rows only
2025-11-18 16:57:46 - Using @ExceptionHandler com.iwellness.reviews.exception.GlobalExceptionHandler#handleDuplicateReview(DuplicateReviewException)
2025-11-18 16:57:46 - Duplicate review: User already has a review for this entity
2025-11-18 16:57:46 - Using 'application/json', given [*/*] and supported [application/json, application/*+json]
2025-11-18 16:57:46 - Writing [ErrorResponse(status=409, error=Conflict, message=User already has a review for this entity, timesta (truncated)...]
2025-11-18 16:57:46 - Resolved [com.iwellness.reviews.exception.DuplicateReviewException: User already has a review for this entity]
2025-11-18 16:57:46 - Completed 409 CONFLICT
2025-11-18 16:57:46 - Spring test ApplicationContext cache statistics: [DefaultContextCache@47db3ff size = 1, maxSize = 32, parentContextCount = 0, hitCount = 37, missCount = 1, failureCount = 0]
2025-11-18 16:57:46 - Spring test ApplicationContext cache statistics: [DefaultContextCache@47db3ff size = 1, maxSize = 32, parentContextCount = 0, hitCount = 38, missCount = 1, failureCount = 0]
2025-11-18 16:57:46 - Spring test ApplicationContext cache statistics: [DefaultContextCache@47db3ff size = 1, maxSize = 32, parentContextCount = 0, hitCount = 39, missCount = 1, failureCount = 0]
2025-11-18 16:57:46 - Spring test ApplicationContext cache statistics: [DefaultContextCache@47db3ff size = 1, maxSize = 32, parentContextCount = 0, hitCount = 40, missCount = 1, failureCount = 0]
2025-11-18 16:57:46 - Spring test ApplicationContext cache statistics: [DefaultContextCache@47db3ff size = 1, maxSize = 32, parentContextCount = 0, hitCount = 41, missCount = 1, failureCount = 0]
2025-11-18 16:57:46 - Spring test ApplicationContext cache statistics: [DefaultContextCache@47db3ff size = 1, maxSize = 32, parentContextCount = 0, hitCount = 42, missCount = 1, failureCount = 0]
2025-11-18 16:57:46 - Spring test ApplicationContext cache statistics: [DefaultContextCache@47db3ff size = 1, maxSize = 32, parentContextCount = 0, hitCount = 43, missCount = 1, failureCount = 0]
2025-11-18 16:57:46 - Spring test ApplicationContext cache statistics: [DefaultContextCache@47db3ff size = 1, maxSize = 32, parentContextCount = 0, hitCount = 44, missCount = 1, failureCount = 0]
2025-11-18 16:57:46 - After test method: class [ReviewIntegrationTest], method [testDuplicateReviewPrevention], class annotated with @DirtiesContext [false] with mode [null], method annotated with @DirtiesContext [false] with mode [null]
]]></system-out>
  </testcase>
</testsuite>