<?xml version="1.0" encoding="UTF-8"?>
<testsuite xmlns:xsi="http://www.w3.org/2001/XMLSchema-instance" xsi:noNamespaceSchemaLocation="https://maven.apache.org/surefire/maven-surefire-plugin/xsd/surefire-test-report-3.0.xsd" version="3.0" name="com.iwellness.reviews.controller.ReviewControllerTest" time="1.914" tests="5" errors="0" skipped="0" failures="0">
  <properties>
[...]
</properties>
  <testcase name="updateReview_Success" classname="com.iwellness.reviews.controller.ReviewControllerTest" time="0.423">
    <system-out><![CDATA[2025-11-18 19:08:22 - Could not detect default resource locations for test class [com.iwellness.reviews.controller.ReviewControllerTest]: no resource found for suffixes {-context.xml, Context.groovy}.
2025-11-18 19:08:22 - Could not detect default configuration classes for test class [com.iwellness.reviews.controller.ReviewControllerTest]: ReviewControllerTest does not declare any static, non-private, non-final, nested classes annotated with @Configuration.
2025-11-18 19:08:22 - Found @SpringBootConfiguration com.iwellness.reviews.ReviewsApiApplication for test class com.iwellness.reviews.controller.ReviewControllerTest
2025-11-18 19:08:22 - Skipping candidate TestExecutionListener [org.springframework.test.context.observation.MicrometerObservationRegistryTestExecutionListener] due to a missing dependency. Specify custom TestExecutionListener classes or make the default TestExecutionListener classes and their required dependencies available. Offending class: io.micrometer.context.ThreadLocalAccessor. MicrometerObservationRegistryTestExecutionListener requires io.micrometer:micrometer-observation:1.10.8 or higher and io.micrometer:context-propagation:1.0.3 or higher.
2025-11-18 19:08:22 - Before test class: class [ReviewControllerTest], class annotated with @DirtiesContext [false] with mode [null]

  .   ____          _            __ _ _
 /\\ / ___'_ __ _ _(_)_ __  __ _ \ \ \ \
( ( )\___ | '_ | '_| | '_ \/ _` | \ \ \ \
 \\/  ___)| |_)| | | | | || (_| |  ) ) ) )
  '  |____| .__|_| |_|_| |_\__, | / / / /
 =========|_|==============|___/=/_/_/_/
 :: Spring Boot ::                (v3.2.0)

2025-11-18 19:08:22 - Starting ReviewControllerTest using Java 17.0.16 with PID 1004842 (started by estudiante in /home/estudiante/e-xiua/reviews-api-microservice/reviews)
2025-11-18 19:08:22 - Running with Spring Boot v3.2.0, Spring v6.1.1
2025-11-18 19:08:22 - No active profile set, falling back to 1 default profile: "default"
2025-11-18 19:08:22 - Refreshing org.springframework.web.context.support.GenericWebApplicationContext@4600aeb5
2025-11-18 19:08:23 - 9 mappings in 'requestMappingHandlerMapping'
2025-11-18 19:08:23 - Patterns [/webjars/**, /**] in 'resourceHandlerMapping'
2025-11-18 19:08:23 - ControllerAdvice beans: 0 @ModelAttribute, 0 @InitBinder, 1 RequestBodyAdvice, 1 ResponseBodyAdvice
2025-11-18 19:08:23 - ControllerAdvice beans: 1 @ExceptionHandler, 1 ResponseBodyAdvice
2025-11-18 19:08:23 - Initializing Spring TestDispatcherServlet ''
2025-11-18 19:08:23 - Initializing Servlet ''
2025-11-18 19:08:23 - Completed initialization in 1 ms
2025-11-18 19:08:23 - Started ReviewControllerTest in 1.095 seconds (process running for 466.851)
2025-11-18 19:08:23 - Mapped to com.iwellness.reviews.controller.ReviewController#updateReview(Long, ReviewRequestDTO, Long)
2025-11-18 19:08:23 - Read "application/json;charset=UTF-8" to [ReviewRequestDTO(entityId=1, entityType=SERVICE, rating=5, comment=Excellent service!)]
2025-11-18 19:08:23 - PUT /api/reviews/1 - User: 100
2025-11-18 19:08:23 - Using 'application/json', given [*/*] and supported [application/json, application/*+json]
2025-11-18 19:08:23 - Writing [ReviewResponseDTO(id=1, entityId=1, entityType=SERVICE, userId=100, nombre=John Doe, foto=null, rati (truncated)...]
]]></system-out>
  </testcase>
  <testcase name="createReview_Success" classname="com.iwellness.reviews.controller.ReviewControllerTest" time="0.028">
    <system-out><![CDATA[2025-11-18 19:08:23 - Mapped to com.iwellness.reviews.controller.ReviewController#createReview(ReviewRequestDTO, Long)
2025-11-18 19:08:23 - Read "application/json;charset=UTF-8" to [ReviewRequestDTO(entityId=1, entityType=SERVICE, rating=5, comment=Excellent service!)]
2025-11-18 19:08:23 - POST /api/reviews - User: 100, Entity: SERVICE (1)
2025-11-18 19:08:23 - Using 'application/json', given [*/*] and supported [application/json, application/*+json]
2025-11-18 19:08:23 - Writing [ReviewResponseDTO(id=1, entityId=1, entityType=SERVICE, userId=100, nombre=John Doe, foto=null, rati (truncated)...]
]]></system-out>
  </testcase>
  <testcase name="deleteReview_Success" classname="com.iwellness.reviews.controller.ReviewControllerTest" time="0.055">
    <system-out><![CDATA[2025-11-18 19:08:23 - Mapped to com.iwellness.reviews.controller.ReviewController#deleteReview(Long, Long)
2025-11-18 19:08:23 - DELETE /api/reviews/1 - User: 100
2025-11-18 19:08:23 - Using 'application/json', given [*/*] and supported [application/json, application/*+json]
2025-11-18 19:08:23 - Nothing to write: null body
]]></system-out>
  </testcase>
  <testcase name="getReviewsByEntity_Success" classname="com.iwellness.reviews.controller.ReviewControllerTest" time="0.071">
    <system-out><![CDATA[2025-11-18 19:08:23 - Mapped to com.iwellness.reviews.controller.ReviewController#getReviewsByEntity(String, Long, int, int, String)
2025-11-18 19:08:23 - GET /api/reviews/entity/SERVICE/1 - Page: 0, Size: 10
2025-11-18 19:08:23 - Using 'application/json', given [*/*] and supported [application/json, application/*+json]
2025-11-18 19:08:23 - Writing [Page 1 of 1 containing com.iwellness.reviews.dto.ReviewResponseDTO instances]
]]></system-out>
  </testcase>
  <testcase name="createReview_MissingUserHeader_ReturnsBadRequest" classname="com.iwellness.reviews.controller.ReviewControllerTest" time="0.032">
    <system-out><![CDATA[2025-11-18 19:08:24 - Mapped to com.iwellness.reviews.controller.ReviewController#createReview(ReviewRequestDTO, Long)
2025-11-18 19:08:24 - Read "application/json;charset=UTF-8" to [ReviewRequestDTO(entityId=1, entityType=SERVICE, rating=5, comment=Excellent service!)]
2025-11-18 19:08:24 - Could not resolve parameter [1] in public org.springframework.http.ResponseEntity<com.iwellness.reviews.dto.ReviewResponseDTO> com.iwellness.reviews.controller.ReviewController.createReview(com.iwellness.reviews.dto.ReviewRequestDTO,java.lang.Long): Required request header 'X-User-Id' for method parameter type Long is not present
2025-11-18 19:08:24 - Using @ExceptionHandler com.iwellness.reviews.exception.GlobalExceptionHandler#handleMissingRequestHeader(MissingRequestHeaderException)
2025-11-18 19:08:24 - Missing request header: Required request header 'X-User-Id' for method parameter type Long is not present
2025-11-18 19:08:24 - Using 'application/json', given [*/*] and supported [application/json, application/*+json]
2025-11-18 19:08:24 - Writing [ErrorResponse(status=400, error=Bad Request, message=Falta el encabezado requerido: X-User-Id, times (truncated)...]
2025-11-18 19:08:24 - Resolved [org.springframework.web.bind.MissingRequestHeaderException: Required request header 'X-User-Id' for method parameter type Long is not present]
]]></system-out>
  </testcase>
</testsuite>